Flow report for ece385_lab8
Mon Dec 14 14:43:36 2020
Quartus Prime Version 18.0.0 Build 614 04/24/2018 SJ Lite Edition


---------------------
; Table of Contents ;
---------------------
  1. Legal Notice
  2. Flow Summary
  3. Flow Settings
  4. Flow Non-Default Global Settings
  5. Flow Elapsed Time
  6. Flow OS Summary
  7. Flow Log
  8. Flow Messages
  9. Flow Suppressed Messages



----------------
; Legal Notice ;
----------------
Copyright (C) 2018  Intel Corporation. All rights reserved.
Your use of Intel Corporation's design tools, logic functions 
and other software and tools, and its AMPP partner logic 
functions, and any output files from any of the foregoing 
(including device programming or simulation files), and any 
associated documentation or information are expressly subject 
to the terms and conditions of the Intel Program License 
Subscription Agreement, the Intel Quartus Prime License Agreement,
the Intel FPGA IP License Agreement, or other applicable license
agreement, including, without limitation, that your use is for
the sole purpose of programming logic devices manufactured by
Intel and sold by Intel or its authorized distributors.  Please
refer to the applicable agreement for further details.



+----------------------------------------------------------------------------------+
; Flow Summary                                                                     ;
+------------------------------------+---------------------------------------------+
; Flow Status                        ; Successful - Mon Dec 14 14:43:36 2020       ;
; Quartus Prime Version              ; 18.0.0 Build 614 04/24/2018 SJ Lite Edition ;
; Revision Name                      ; ece385_lab8                                 ;
; Top-level Entity Name              ; lab8                                        ;
; Family                             ; MAX 10                                      ;
; Device                             ; 10M50DAF484C7G                              ;
; Timing Models                      ; Final                                       ;
; Total logic elements               ; 11,403 / 49,760 ( 23 % )                    ;
;     Total combinational functions  ; 10,768 / 49,760 ( 22 % )                    ;
;     Dedicated logic registers      ; 2,665 / 49,760 ( 5 % )                      ;
; Total registers                    ; 2734                                        ;
; Total pins                         ; 141 / 360 ( 39 % )                          ;
; Total virtual pins                 ; 0                                           ;
; Total memory bits                  ; 11,264 / 1,677,312 ( < 1 % )                ;
; Embedded Multiplier 9-bit elements ; 0 / 288 ( 0 % )                             ;
; Total PLLs                         ; 1 / 4 ( 25 % )                              ;
; UFM blocks                         ; 0 / 1 ( 0 % )                               ;
; ADC blocks                         ; 0 / 2 ( 0 % )                               ;
+------------------------------------+---------------------------------------------+


+-----------------------------------------+
; Flow Settings                           ;
+-------------------+---------------------+
; Option            ; Setting             ;
+-------------------+---------------------+
; Start date & time ; 12/14/2020 14:41:18 ;
; Main task         ; Compilation         ;
; Revision Name     ; ece385_lab8         ;
+-------------------+---------------------+


+-------------------------------------------------------------------------------------------------------------------------------------------------------+
; Flow Non-Default Global Settings                                                                                                                      ;
+-------------------------------------+------------------------------------------------------------+---------------+-------------------+----------------+
; Assignment Name                     ; Value                                                      ; Default Value ; Entity Name       ; Section Id     ;
+-------------------------------------+------------------------------------------------------------+---------------+-------------------+----------------+
; COMPILER_SIGNATURE_ID               ; 27214211261205.160797847714176                             ; --            ; --                ; --             ;
; EDA_OUTPUT_DATA_FORMAT              ; Systemverilog Hdl                                          ; --            ; --                ; eda_simulation ;
; EDA_SIMULATION_TOOL                 ; ModelSim-Altera (SystemVerilog)                            ; <None>        ; --                ; --             ;
; EDA_TIME_SCALE                      ; 1 ps                                                       ; --            ; --                ; eda_simulation ;
; FLOW_ENABLE_POWER_ANALYZER          ; On                                                         ; Off           ; --                ; --             ;
; MAX_CORE_JUNCTION_TEMP              ; 85                                                         ; --            ; --                ; --             ;
; MIN_CORE_JUNCTION_TEMP              ; 0                                                          ; --            ; --                ; --             ;
; MISC_FILE                           ; lab8_soc/synthesis/../lab8_soc.cmp                         ; --            ; --                ; --             ;
; MISC_FILE                           ; lab8_soc/synthesis/../../lab8_soc.qsys                     ; --            ; --                ; --             ;
; PARTITION_COLOR                     ; -- (Not supported for targeted family)                     ; --            ; DE10_LITE_Default ; Top            ;
; PARTITION_COLOR                     ; -- (Not supported for targeted family)                     ; --            ; lab7              ; Top            ;
; PARTITION_COLOR                     ; -- (Not supported for targeted family)                     ; --            ; lab8              ; Top            ;
; PARTITION_FITTER_PRESERVATION_LEVEL ; -- (Not supported for targeted family)                     ; --            ; DE10_LITE_Default ; Top            ;
; PARTITION_FITTER_PRESERVATION_LEVEL ; -- (Not supported for targeted family)                     ; --            ; lab7              ; Top            ;
; PARTITION_FITTER_PRESERVATION_LEVEL ; -- (Not supported for targeted family)                     ; --            ; lab8              ; Top            ;
; PARTITION_NETLIST_TYPE              ; -- (Not supported for targeted family)                     ; --            ; DE10_LITE_Default ; Top            ;
; PARTITION_NETLIST_TYPE              ; -- (Not supported for targeted family)                     ; --            ; lab7              ; Top            ;
; PARTITION_NETLIST_TYPE              ; -- (Not supported for targeted family)                     ; --            ; lab8              ; Top            ;
; POWER_BOARD_THERMAL_MODEL           ; None (CONSERVATIVE)                                        ; --            ; --                ; --             ;
; POWER_DEFAULT_INPUT_IO_TOGGLE_RATE  ; 12.5 %                                                     ; 12.5%         ; --                ; --             ;
; POWER_PRESET_COOLING_SOLUTION       ; 23 MM HEAT SINK WITH 200 LFPM AIRFLOW                      ; --            ; --                ; --             ;
; PROJECT_OUTPUT_DIRECTORY            ; output_files                                               ; --            ; --                ; --             ;
; SLD_FILE                            ; lab8_soc/synthesis/lab8_soc.regmap                         ; --            ; --                ; --             ;
; SLD_FILE                            ; lab8_soc/synthesis/lab8_soc.debuginfo                      ; --            ; --                ; --             ;
; SLD_INFO                            ; QSYS_NAME lab8_soc HAS_SOPCINFO 1 GENERATION_ID 1606786814 ; --            ; lab8_soc          ; --             ;
; SOPCINFO_FILE                       ; lab8_soc/synthesis/../../lab8_soc.sopcinfo                 ; --            ; --                ; --             ;
; SYNTHESIS_ONLY_QIP                  ; On                                                         ; --            ; --                ; --             ;
; TOP_LEVEL_ENTITY                    ; lab8                                                       ; ece385_lab8   ; --                ; --             ;
+-------------------------------------+------------------------------------------------------------+---------------+-------------------+----------------+


+--------------------------------------------------------------------------------------------------------------------------+
; Flow Elapsed Time                                                                                                        ;
+----------------------+--------------+-------------------------+---------------------+------------------------------------+
; Module Name          ; Elapsed Time ; Average Processors Used ; Peak Virtual Memory ; Total CPU Time (on all processors) ;
+----------------------+--------------+-------------------------+---------------------+------------------------------------+
; Analysis & Synthesis ; 00:01:14     ; 1.0                     ; 5072 MB             ; 00:01:31                           ;
; Fitter               ; 00:00:33     ; 1.9                     ; 6753 MB             ; 00:01:26                           ;
; Assembler            ; 00:00:04     ; 1.0                     ; 4715 MB             ; 00:00:03                           ;
; Power Analyzer       ; 00:00:07     ; 2.7                     ; 5161 MB             ; 00:00:19                           ;
; Timing Analyzer      ; 00:00:07     ; 3.3                     ; 5110 MB             ; 00:00:19                           ;
; EDA Netlist Writer   ; 00:00:04     ; 1.0                     ; 4816 MB             ; 00:00:04                           ;
; Total                ; 00:02:09     ; --                      ; --                  ; 00:03:42                           ;
+----------------------+--------------+-------------------------+---------------------+------------------------------------+


+------------------------------------------------------------------------------------+
; Flow OS Summary                                                                    ;
+----------------------+------------------+------------+------------+----------------+
; Module Name          ; Machine Hostname ; OS Name    ; OS Version ; Processor type ;
+----------------------+------------------+------------+------------+----------------+
; Analysis & Synthesis ; DESKTOP-97O7UO7  ; Windows 10 ; 10.0       ; x86_64         ;
; Fitter               ; DESKTOP-97O7UO7  ; Windows 10 ; 10.0       ; x86_64         ;
; Assembler            ; DESKTOP-97O7UO7  ; Windows 10 ; 10.0       ; x86_64         ;
; Power Analyzer       ; DESKTOP-97O7UO7  ; Windows 10 ; 10.0       ; x86_64         ;
; Timing Analyzer      ; DESKTOP-97O7UO7  ; Windows 10 ; 10.0       ; x86_64         ;
; EDA Netlist Writer   ; DESKTOP-97O7UO7  ; Windows 10 ; 10.0       ; x86_64         ;
+----------------------+------------------+------------+------------+----------------+


------------
; Flow Log ;
------------
quartus_map --read_settings_files=on --write_settings_files=off ece385_lab8 -c ece385_lab8
quartus_fit --read_settings_files=off --write_settings_files=off ece385_lab8 -c ece385_lab8
quartus_asm --read_settings_files=off --write_settings_files=off ece385_lab8 -c ece385_lab8
quartus_pow --read_settings_files=off --write_settings_files=off ece385_lab8 -c ece385_lab8
quartus_sta ece385_lab8 -c ece385_lab8
quartus_eda --read_settings_files=off --write_settings_files=off ece385_lab8 -c ece385_lab8



